<?xml version="1.0" encoding="UTF-8"?>
<!-- Generated by org.testng.reporters.JUnitReportReporter -->
<testsuite hostname="DESKTOP-30LDNKU" failures="0" tests="2" name="Runner.TestRunner" time="72.679" errors="0" timestamp="2024-06-18T18:55:43 IST" skipped="0">
  <testcase classname="Runner.TestRunner" name="runScenario" time="16.430"/>
  <testcase classname="Runner.TestRunner" name="runScenario" time="56.249"/>
</testsuite> <!-- Runner.TestRunner -->
